2016-01-11 07:43:44 Notice: Strict (2048): Declaration of App\Controller\UsersController::beforeFilter() should be compatible with App\Controller\AppController::beforeFilter(Cake\Event\Event $event) in [/Library/WebServer/Documents/grains/src/Controller/UsersController.php, line 12]
Trace:
Cake\Error\BaseErrorHandler::handleError() - CORE/src/Error/BaseErrorHandler.php, line 140
include - APP/Controller/UsersController.php, line 12
Composer\Autoload\includeFile - ROOT/vendor/composer/ClassLoader.php, line 412
Composer\Autoload\ClassLoader::loadClass() - ROOT/vendor/composer/ClassLoader.php, line 301
spl_autoload_call - [internal], line ??
class_exists - [internal], line ??
Cake\Core\App::_classExistsInBase() - CORE/src/Core/App.php, line 87
Cake\Core\App::className() - CORE/src/Core/App.php, line 64
Cake\Routing\Filter\ControllerFactoryFilter::_getController() - CORE/src/Routing/Filter/ControllerFactoryFilter.php, line 82
Cake\Routing\Filter\ControllerFactoryFilter::beforeDispatch() - CORE/src/Routing/Filter/ControllerFactoryFilter.php, line 50
Cake\Routing\DispatcherFilter::handle() - CORE/src/Routing/DispatcherFilter.php, line 145
Cake\Event\EventManager::_callListener() - CORE/src/Event/EventManager.php, line 389
Cake\Event\EventManager::dispatch() - CORE/src/Event/EventManager.php, line 355
Cake\Routing\Dispatcher::dispatchEvent() - CORE/src/Event/EventDispatcherTrait.php, line 78
Cake\Routing\Dispatcher::dispatch() - CORE/src/Routing/Dispatcher.php, line 62
[main] - ROOT/webroot/index.php, line 37



2016-01-11 07:43:44 Notice: Strict (2048): Declaration of App\Controller\UsersController::beforeFilter() should be compatible with App\Controller\AppController::beforeFilter(Cake\Event\Event $event) in [/Library/WebServer/Documents/grains/src/Controller/UsersController.php, line 12]
Trace:
Cake\Error\BaseErrorHandler::handleError() - CORE/src/Error/BaseErrorHandler.php, line 140
include - APP/Controller/UsersController.php, line 12
Composer\Autoload\includeFile - ROOT/vendor/composer/ClassLoader.php, line 412
Composer\Autoload\ClassLoader::loadClass() - ROOT/vendor/composer/ClassLoader.php, line 301
spl_autoload_call - [internal], line ??
class_exists - [internal], line ??
Cake\Core\App::_classExistsInBase() - CORE/src/Core/App.php, line 87
Cake\Core\App::className() - CORE/src/Core/App.php, line 64
Cake\Routing\Filter\ControllerFactoryFilter::_getController() - CORE/src/Routing/Filter/ControllerFactoryFilter.php, line 82
Cake\Routing\Filter\ControllerFactoryFilter::beforeDispatch() - CORE/src/Routing/Filter/ControllerFactoryFilter.php, line 50
Cake\Routing\DispatcherFilter::handle() - CORE/src/Routing/DispatcherFilter.php, line 145
Cake\Event\EventManager::_callListener() - CORE/src/Event/EventManager.php, line 389
Cake\Event\EventManager::dispatch() - CORE/src/Event/EventManager.php, line 355
Cake\Routing\Dispatcher::dispatchEvent() - CORE/src/Event/EventDispatcherTrait.php, line 78
Cake\Routing\Dispatcher::dispatch() - CORE/src/Routing/Dispatcher.php, line 62
[main] - ROOT/webroot/index.php, line 37



2016-01-18 07:38:16 Notice: Notice (8): Undefined variable: ajax in [/Library/WebServer/Documents/grains/src/Template/Pages/home.ctp, line 18]
Trace:
Cake\Error\BaseErrorHandler::handleError() - CORE/src/Error/BaseErrorHandler.php, line 140
include - APP/Template/Pages/home.ctp, line 18
Cake\View\View::_evaluate() - CORE/src/View/View.php, line 992
Cake\View\View::_render() - CORE/src/View/View.php, line 952
Cake\View\View::render() - CORE/src/View/View.php, line 587
Cake\Controller\Controller::render() - CORE/src/Controller/Controller.php, line 611
App\Controller\PagesController::display() - APP/Controller/PagesController.php, line 57
Cake\Controller\Controller::invokeAction() - CORE/src/Controller/Controller.php, line 429
Cake\Routing\Dispatcher::_invoke() - CORE/src/Routing/Dispatcher.php, line 114
Cake\Routing\Dispatcher::dispatch() - CORE/src/Routing/Dispatcher.php, line 87
[main] - ROOT/webroot/index.php, line 37



2016-01-18 07:41:04 Notice: Notice (8): Undefined variable: ajax in [/Library/WebServer/Documents/grains/src/Template/Pages/home.ctp, line 18]
Trace:
Cake\Error\BaseErrorHandler::handleError() - CORE/src/Error/BaseErrorHandler.php, line 140
include - APP/Template/Pages/home.ctp, line 18
Cake\View\View::_evaluate() - CORE/src/View/View.php, line 992
Cake\View\View::_render() - CORE/src/View/View.php, line 952
Cake\View\View::render() - CORE/src/View/View.php, line 587
Cake\Controller\Controller::render() - CORE/src/Controller/Controller.php, line 611
App\Controller\PagesController::display() - APP/Controller/PagesController.php, line 57
Cake\Controller\Controller::invokeAction() - CORE/src/Controller/Controller.php, line 429
Cake\Routing\Dispatcher::_invoke() - CORE/src/Routing/Dispatcher.php, line 114
Cake\Routing\Dispatcher::dispatch() - CORE/src/Routing/Dispatcher.php, line 87
[main] - ROOT/webroot/index.php, line 37



2016-01-22 08:24:44 Notice: Notice (8): Undefined variable: parentCategories in [/Library/WebServer/Documents/grains/src/Template/Categories/add.ctp, line 15]
Trace:
Cake\Error\BaseErrorHandler::handleError() - CORE/src/Error/BaseErrorHandler.php, line 140
include - APP/Template/Categories/add.ctp, line 15
Cake\View\View::_evaluate() - CORE/src/View/View.php, line 992
Cake\View\View::_render() - CORE/src/View/View.php, line 952
Cake\View\View::render() - CORE/src/View/View.php, line 587
Cake\Controller\Controller::render() - CORE/src/Controller/Controller.php, line 611
Cake\Routing\Dispatcher::_invoke() - CORE/src/Routing/Dispatcher.php, line 120
Cake\Routing\Dispatcher::dispatch() - CORE/src/Routing/Dispatcher.php, line 87
[main] - ROOT/webroot/index.php, line 37



2016-01-22 09:13:32 Notice: Notice (8): Undefined variable: user in [/Library/WebServer/Documents/grains/src/Template/Articles/view.ctp, line 30]
Trace:
Cake\Error\BaseErrorHandler::handleError() - CORE/src/Error/BaseErrorHandler.php, line 140
include - APP/Template/Articles/view.ctp, line 30
Cake\View\View::_evaluate() - CORE/src/View/View.php, line 992
Cake\View\View::_render() - CORE/src/View/View.php, line 952
Cake\View\View::render() - CORE/src/View/View.php, line 587
Cake\Controller\Controller::render() - CORE/src/Controller/Controller.php, line 611
Cake\Routing\Dispatcher::_invoke() - CORE/src/Routing/Dispatcher.php, line 120
Cake\Routing\Dispatcher::dispatch() - CORE/src/Routing/Dispatcher.php, line 87
[main] - ROOT/webroot/index.php, line 37



2016-01-22 09:13:32 Notice: Notice (8): Trying to get property of non-object in [/Library/WebServer/Documents/grains/src/Template/Articles/view.ctp, line 30]
Trace:
Cake\Error\BaseErrorHandler::handleError() - CORE/src/Error/BaseErrorHandler.php, line 140
include - APP/Template/Articles/view.ctp, line 30
Cake\View\View::_evaluate() - CORE/src/View/View.php, line 992
Cake\View\View::_render() - CORE/src/View/View.php, line 952
Cake\View\View::render() - CORE/src/View/View.php, line 587
Cake\Controller\Controller::render() - CORE/src/Controller/Controller.php, line 611
Cake\Routing\Dispatcher::_invoke() - CORE/src/Routing/Dispatcher.php, line 120
Cake\Routing\Dispatcher::dispatch() - CORE/src/Routing/Dispatcher.php, line 87
[main] - ROOT/webroot/index.php, line 37



2016-01-23 04:45:13 Notice: Deprecated (16384): Controller::$layout is deprecated. Use $this->viewBuilder()->layout() instead. in [/Library/WebServer/Documents/grains/vendor/cakephp/cakephp/src/Controller/Controller.php, line 375]
Trace:
Cake\Error\BaseErrorHandler::handleError() - CORE/src/Error/BaseErrorHandler.php, line 140
Cake\Controller\Controller::__set() - CORE/src/Controller/Controller.php, line 375
App\Controller\PagesController::display() - APP/Controller/PagesController.php, line 42
Cake\Controller\Controller::invokeAction() - CORE/src/Controller/Controller.php, line 429
Cake\Routing\Dispatcher::_invoke() - CORE/src/Routing/Dispatcher.php, line 114
Cake\Routing\Dispatcher::dispatch() - CORE/src/Routing/Dispatcher.php, line 87
[main] - ROOT/webroot/index.php, line 37



